{"/Users/framework/www/clean-arch/seya-platform/src/validator.ts": {"path":"/Users/framework/www/clean-arch/seya-platform/src/validator.ts","all":false,"statementMap":{"0":{"start":{"line":1,"column":0},"end":{"line":1,"column":14}},"1":{"start":{"line":2,"column":0},"end":{"line":2,"column":31}},"2":{"start":{"line":3,"column":0},"end":{"line":3,"column":0}},"3":{"start":{"line":4,"column":0},"end":{"line":4,"column":21}},"4":{"start":{"line":5,"column":0},"end":{"line":5,"column":28}},"5":{"start":{"line":6,"column":0},"end":{"line":6,"column":49}},"6":{"start":{"line":7,"column":0},"end":{"line":7,"column":0}},"7":{"start":{"line":8,"column":0},"end":{"line":8,"column":17}},"8":{"start":{"line":9,"column":0},"end":{"line":9,"column":27}},"9":{"start":{"line":10,"column":0},"end":{"line":10,"column":27}},"10":{"start":{"line":11,"column":0},"end":{"line":11,"column":27}},"11":{"start":{"line":12,"column":0},"end":{"line":12,"column":28}},"12":{"start":{"line":13,"column":0},"end":{"line":13,"column":0}},"13":{"start":{"line":14,"column":0},"end":{"line":14,"column":54}},"14":{"start":{"line":15,"column":0},"end":{"line":15,"column":15}},"15":{"start":{"line":16,"column":0},"end":{"line":16,"column":23}},"16":{"start":{"line":17,"column":0},"end":{"line":17,"column":31}},"17":{"start":{"line":18,"column":0},"end":{"line":18,"column":23}},"18":{"start":{"line":19,"column":0},"end":{"line":19,"column":27}},"19":{"start":{"line":20,"column":0},"end":{"line":20,"column":24}},"20":{"start":{"line":21,"column":0},"end":{"line":21,"column":33}},"21":{"start":{"line":22,"column":0},"end":{"line":22,"column":0}},"22":{"start":{"line":23,"column":0},"end":{"line":23,"column":69}},"23":{"start":{"line":24,"column":0},"end":{"line":24,"column":73}},"24":{"start":{"line":25,"column":0},"end":{"line":25,"column":31}},"25":{"start":{"line":26,"column":0},"end":{"line":26,"column":25}},"26":{"start":{"line":27,"column":0},"end":{"line":27,"column":0}},"27":{"start":{"line":28,"column":0},"end":{"line":28,"column":67}},"28":{"start":{"line":29,"column":0},"end":{"line":29,"column":47}},"29":{"start":{"line":30,"column":0},"end":{"line":30,"column":0}},"30":{"start":{"line":31,"column":0},"end":{"line":31,"column":47}},"31":{"start":{"line":32,"column":0},"end":{"line":32,"column":18}},"32":{"start":{"line":33,"column":0},"end":{"line":33,"column":14}},"33":{"start":{"line":34,"column":0},"end":{"line":34,"column":0}},"34":{"start":{"line":35,"column":0},"end":{"line":35,"column":29}},"35":{"start":{"line":36,"column":0},"end":{"line":36,"column":0}},"36":{"start":{"line":37,"column":0},"end":{"line":37,"column":51}},"37":{"start":{"line":38,"column":0},"end":{"line":38,"column":26}},"38":{"start":{"line":39,"column":0},"end":{"line":39,"column":29}},"39":{"start":{"line":40,"column":0},"end":{"line":40,"column":25}},"40":{"start":{"line":41,"column":0},"end":{"line":41,"column":22}},"41":{"start":{"line":42,"column":0},"end":{"line":42,"column":16}},"42":{"start":{"line":43,"column":0},"end":{"line":43,"column":30}},"43":{"start":{"line":44,"column":0},"end":{"line":44,"column":0}},"44":{"start":{"line":45,"column":0},"end":{"line":45,"column":72}},"45":{"start":{"line":46,"column":0},"end":{"line":46,"column":45}},"46":{"start":{"line":47,"column":0},"end":{"line":47,"column":45}},"47":{"start":{"line":48,"column":0},"end":{"line":48,"column":23}},"48":{"start":{"line":49,"column":0},"end":{"line":49,"column":40}},"49":{"start":{"line":50,"column":0},"end":{"line":50,"column":0}},"50":{"start":{"line":51,"column":0},"end":{"line":51,"column":25}},"51":{"start":{"line":52,"column":0},"end":{"line":52,"column":11}},"52":{"start":{"line":53,"column":0},"end":{"line":53,"column":27}},"53":{"start":{"line":54,"column":0},"end":{"line":54,"column":0}},"54":{"start":{"line":55,"column":0},"end":{"line":55,"column":26}},"55":{"start":{"line":56,"column":0},"end":{"line":56,"column":5}},"56":{"start":{"line":57,"column":0},"end":{"line":57,"column":0}},"57":{"start":{"line":58,"column":0},"end":{"line":58,"column":0}},"58":{"start":{"line":59,"column":0},"end":{"line":59,"column":22}},"59":{"start":{"line":60,"column":0},"end":{"line":60,"column":0}},"60":{"start":{"line":61,"column":0},"end":{"line":61,"column":1}}},"s":{"0":1,"1":1,"2":10,"3":10,"4":9,"5":8,"6":6,"7":6,"8":6,"9":6,"10":6,"11":6,"12":6,"13":6,"14":5,"15":5,"16":5,"17":5,"18":5,"19":5,"20":5,"21":5,"22":5,"23":43,"24":43,"25":43,"26":43,"27":43,"28":43,"29":43,"30":43,"31":43,"32":5,"33":5,"34":5,"35":5,"36":5,"37":5,"38":5,"39":5,"40":5,"41":3,"42":3,"43":5,"44":5,"45":5,"46":5,"47":5,"48":0,"49":0,"50":0,"51":0,"52":6,"53":6,"54":8,"55":8,"56":9,"57":9,"58":10,"59":10,"60":10},"branchMap":{"0":{"type":"branch","line":2,"loc":{"start":{"line":2,"column":30},"end":{"line":61,"column":1}},"locations":[{"start":{"line":2,"column":30},"end":{"line":61,"column":1}}]},"1":{"type":"branch","line":4,"loc":{"start":{"line":4,"column":20},"end":{"line":59,"column":9}},"locations":[{"start":{"line":4,"column":20},"end":{"line":59,"column":9}}]},"2":{"type":"branch","line":5,"loc":{"start":{"line":5,"column":27},"end":{"line":56,"column":5}},"locations":[{"start":{"line":5,"column":27},"end":{"line":56,"column":5}}]},"3":{"type":"branch","line":6,"loc":{"start":{"line":6,"column":24},"end":{"line":6,"column":48}},"locations":[{"start":{"line":6,"column":24},"end":{"line":6,"column":48}}]},"4":{"type":"branch","line":6,"loc":{"start":{"line":6,"column":48},"end":{"line":55,"column":13}},"locations":[{"start":{"line":6,"column":48},"end":{"line":55,"column":13}}]},"5":{"type":"branch","line":14,"loc":{"start":{"line":14,"column":53},"end":{"line":53,"column":15}},"locations":[{"start":{"line":14,"column":53},"end":{"line":53,"column":15}}]},"6":{"type":"branch","line":23,"loc":{"start":{"line":23,"column":68},"end":{"line":33,"column":13}},"locations":[{"start":{"line":23,"column":68},"end":{"line":33,"column":13}}]},"7":{"type":"branch","line":37,"loc":{"start":{"line":37,"column":26},"end":{"line":37,"column":41}},"locations":[{"start":{"line":37,"column":26},"end":{"line":37,"column":41}}]},"8":{"type":"branch","line":37,"loc":{"start":{"line":37,"column":37},"end":{"line":37,"column":51}},"locations":[{"start":{"line":37,"column":37},"end":{"line":37,"column":51}}]},"9":{"type":"branch","line":41,"loc":{"start":{"line":41,"column":14},"end":{"line":41,"column":22}},"locations":[{"start":{"line":41,"column":14},"end":{"line":41,"column":22}}]},"10":{"type":"branch","line":41,"loc":{"start":{"line":41,"column":20},"end":{"line":43,"column":30}},"locations":[{"start":{"line":41,"column":20},"end":{"line":43,"column":30}}]},"11":{"type":"branch","line":48,"loc":{"start":{"line":48,"column":10},"end":{"line":52,"column":11}},"locations":[{"start":{"line":48,"column":10},"end":{"line":52,"column":11}}]},"12":{"type":"branch","line":53,"loc":{"start":{"line":53,"column":8},"end":{"line":53,"column":27}},"locations":[{"start":{"line":53,"column":8},"end":{"line":53,"column":27}}]},"13":{"type":"branch","line":55,"loc":{"start":{"line":55,"column":6},"end":{"line":55,"column":26}},"locations":[{"start":{"line":55,"column":6},"end":{"line":55,"column":26}}]},"14":{"type":"branch","line":59,"loc":{"start":{"line":59,"column":2},"end":{"line":59,"column":22}},"locations":[{"start":{"line":59,"column":2},"end":{"line":59,"column":22}}]},"15":{"type":"branch","line":14,"loc":{"start":{"line":14,"column":33},"end":{"line":14,"column":50}},"locations":[{"start":{"line":14,"column":33},"end":{"line":14,"column":50}}]},"16":{"type":"branch","line":61,"loc":{"start":{"line":61,"column":0},"end":{"line":61,"column":1}},"locations":[{"start":{"line":61,"column":0},"end":{"line":61,"column":1}}]}},"b":{"0":[10],"1":[9],"2":[8],"3":[7],"4":[6],"5":[5],"6":[43],"7":[3],"8":[2],"9":[2],"10":[3],"11":[0],"12":[1],"13":[2],"14":[1],"15":[21],"16":[10]},"fnMap":{"0":{"name":"validate","decl":{"start":{"line":2,"column":30},"end":{"line":61,"column":1}},"loc":{"start":{"line":2,"column":30},"end":{"line":61,"column":1}},"line":2},"1":{"name":"get","decl":{"start":{"line":61,"column":0},"end":{"line":61,"column":1}},"loc":{"start":{"line":61,"column":0},"end":{"line":61,"column":1}},"line":61}},"f":{"0":10,"1":10}}
}
